<?xml version="1.0" encoding="UTF-8"?>
<!-- Generated by org.testng.reporters.JUnitXMLReporter -->
<testsuite hostname="LAPTOP-7EK5SHUC" failures="0" tests="4" name="Regression suite 1" time="162.856" errors="0" timestamp="9 Nov 2018 15:31:34 GMT">
  <testcase classname="basicFunctionality.LoginFunctionalityTest" name="LoginFunTest" time="1.579"/>
  <testcase classname="basicFunctionality.LoginFunctionalityTest" name="LoginFunTest_invalidData" time="0.809"/>
  <testcase classname="basicFunctionality.LoginFunctionalityTest" name="LoginFunTest_invalidData1" time="1.07"/>
  <testcase classname="basicFunctionality.LoginFunctionalityTest" name="LoginFunTest_invalidData2" time="0.743"/>
</testsuite> <!-- Regression suite 1 -->
