<?xml version="1.0" encoding="UTF-8"?>
<!-- Generated by org.testng.reporters.JUnitXMLReporter -->
<testsuite hostname="LAPTOP-7EK5SHUC" failures="0" tests="4" name="Default test" time="174.446" errors="0" timestamp="16 Nov 2018 02:31:19 GMT">
  <testcase classname="basicFunctionality.LoginFunctionalityTest_ByDataprovider" name="LoginFunTest" time="0.02">
    <skipped/>
  </testcase> <!-- LoginFunTest -->
  <testcase classname="basicFunctionality.LoginFunctionalityTest_ByDataprovider" name="LoginFunTest_invalidData2" time="4.543"/>
  <testcase classname="basicFunctionality.LoginFunctionalityTest_ByDataprovider" name="LoginFunTest_invalidData2" time="1.172"/>
  <testcase classname="basicFunctionality.LoginFunctionalityTest_ByDataprovider" name="LoginFunTest_invalidData2" time="1.17"/>
</testsuite> <!-- Default test -->
