<?xml version="1.0" encoding="UTF-8"?>
<testng-results total="4" passed="3" failed="1" skipped="0">
  <reporter-output>
  </reporter-output>
  <suite started-at="2018-11-16T02:28:24Z" name="Default suite" finished-at="2018-11-16T02:31:18Z" duration-ms="174446">
    <groups>
    </groups>
    <test started-at="2018-11-16T02:28:24Z" name="Default test" finished-at="2018-11-16T02:31:18Z" duration-ms="174446">
      <class name="basicFunctionality.LoginFunctionalityTest_ByDataprovider">
        <test-method signature="LoginFunTest(java.lang.String, java.lang.String)[pri:0, instance:basicFunctionality.LoginFunctionalityTest_ByDataprovider@17a7f733]" started-at="2018-11-16T07:58:24Z" name="LoginFunTest" finished-at="2018-11-16T07:58:24Z" duration-ms="0" status="FAIL">
          <exception class="org.testng.TestNGException">
            <message>
              <![CDATA[
Parameter 'userid' is required by @Test on method LoginFunTest but has not been marked @Optional or defined
in C:\Users\Sonam Sharma\AppData\Local\Temp\testng-eclipse--229441534\testng-customsuite.xml]]>
            </message>
            <full-stacktrace>
              <![CDATA[org.testng.TestNGException: 
Parameter 'userid' is required by @Test on method LoginFunTest but has not been marked @Optional or defined
in C:\Users\Sonam Sharma\AppData\Local\Temp\testng-eclipse--229441534\testng-customsuite.xml
	at org.testng.internal.Parameters.createParameters(Parameters.java:155)
	at org.testng.internal.Parameters.createParameters(Parameters.java:358)
	at org.testng.internal.Parameters.handleParameters(Parameters.java:450)
	at org.testng.internal.Invoker.handleParameters(Invoker.java:1383)
	at org.testng.internal.Invoker.createParameters(Invoker.java:1075)
	at org.testng.internal.Invoker.invokeTestMethods(Invoker.java:1180)
	at org.testng.internal.TestMethodWorker.invokeTestMethods(TestMethodWorker.java:127)
	at org.testng.internal.TestMethodWorker.run(TestMethodWorker.java:111)
	at org.testng.TestRunner.privateRun(TestRunner.java:767)
	at org.testng.TestRunner.run(TestRunner.java:617)
	at org.testng.SuiteRunner.runTest(SuiteRunner.java:334)
	at org.testng.SuiteRunner.runSequentially(SuiteRunner.java:329)
	at org.testng.SuiteRunner.privateRun(SuiteRunner.java:291)
	at org.testng.SuiteRunner.run(SuiteRunner.java:240)
	at org.testng.SuiteRunnerWorker.runSuite(SuiteRunnerWorker.java:52)
	at org.testng.SuiteRunnerWorker.run(SuiteRunnerWorker.java:86)
	at org.testng.TestNG.runSuitesSequentially(TestNG.java:1224)
	at org.testng.TestNG.runSuitesLocally(TestNG.java:1149)
	at org.testng.TestNG.run(TestNG.java:1057)
	at org.testng.remote.AbstractRemoteTestNG.run(AbstractRemoteTestNG.java:114)
	at org.testng.remote.RemoteTestNG.initAndRun(RemoteTestNG.java:251)
	at org.testng.remote.RemoteTestNG.main(RemoteTestNG.java:77)
]]>
            </full-stacktrace>
          </exception> <!-- org.testng.TestNGException -->
          <reporter-output>
          </reporter-output>
        </test-method> <!-- LoginFunTest -->
        <test-method is-config="true" signature="setup()[pri:0, instance:basicFunctionality.LoginFunctionalityTest_ByDataprovider@17a7f733]" started-at="2018-11-16T07:58:24Z" name="setup" finished-at="2018-11-16T07:59:33Z" duration-ms="69142" status="PASS">
          <reporter-output>
          </reporter-output>
        </test-method> <!-- setup -->
        <test-method signature="LoginFunTest_invalidData2(java.lang.String, java.lang.String)[pri:0, instance:basicFunctionality.LoginFunctionalityTest_ByDataprovider@17a7f733]" started-at="2018-11-16T07:59:33Z" name="LoginFunTest_invalidData2" data-provider="dataprovider" finished-at="2018-11-16T07:59:38Z" duration-ms="4543" status="PASS">
          <params>
            <param index="0">
              <value>
                <![CDATA[username]]>
              </value>
            </param>
            <param index="1">
              <value>
                <![CDATA[password]]>
              </value>
            </param>
          </params>
          <reporter-output>
          </reporter-output>
        </test-method> <!-- LoginFunTest_invalidData2 -->
        <test-method is-config="true" signature="teardown()[pri:0, instance:basicFunctionality.LoginFunctionalityTest_ByDataprovider@17a7f733]" started-at="2018-11-16T07:59:38Z" name="teardown" finished-at="2018-11-16T07:59:44Z" duration-ms="6815" status="PASS">
          <reporter-output>
          </reporter-output>
        </test-method> <!-- teardown -->
        <test-method is-config="true" signature="setup()[pri:0, instance:basicFunctionality.LoginFunctionalityTest_ByDataprovider@17a7f733]" started-at="2018-11-16T07:59:44Z" name="setup" finished-at="2018-11-16T08:00:26Z" duration-ms="41507" status="PASS">
          <reporter-output>
          </reporter-output>
        </test-method> <!-- setup -->
        <test-method signature="LoginFunTest_invalidData2(java.lang.String, java.lang.String)[pri:0, instance:basicFunctionality.LoginFunctionalityTest_ByDataprovider@17a7f733]" started-at="2018-11-16T08:00:26Z" name="LoginFunTest_invalidData2" data-provider="dataprovider" finished-at="2018-11-16T08:00:27Z" duration-ms="1172" status="PASS">
          <params>
            <param index="0">
              <value>
                <![CDATA[$$$123]]>
              </value>
            </param>
            <param index="1">
              <value>
                <![CDATA[nflasf;s,]]>
              </value>
            </param>
          </params>
          <reporter-output>
          </reporter-output>
        </test-method> <!-- LoginFunTest_invalidData2 -->
        <test-method is-config="true" signature="teardown()[pri:0, instance:basicFunctionality.LoginFunctionalityTest_ByDataprovider@17a7f733]" started-at="2018-11-16T08:00:27Z" name="teardown" finished-at="2018-11-16T08:00:32Z" duration-ms="5117" status="PASS">
          <reporter-output>
          </reporter-output>
        </test-method> <!-- teardown -->
        <test-method is-config="true" signature="setup()[pri:0, instance:basicFunctionality.LoginFunctionalityTest_ByDataprovider@17a7f733]" started-at="2018-11-16T08:00:32Z" name="setup" finished-at="2018-11-16T08:01:12Z" duration-ms="40024" status="PASS">
          <reporter-output>
          </reporter-output>
        </test-method> <!-- setup -->
        <test-method signature="LoginFunTest_invalidData2(java.lang.String, java.lang.String)[pri:0, instance:basicFunctionality.LoginFunctionalityTest_ByDataprovider@17a7f733]" started-at="2018-11-16T08:01:12Z" name="LoginFunTest_invalidData2" data-provider="dataprovider" finished-at="2018-11-16T08:01:13Z" duration-ms="1170" status="PASS">
          <params>
            <param index="0">
              <value>
                <![CDATA[kdkkdfk]]>
              </value>
            </param>
            <param index="1">
              <value>
                <![CDATA[12345]]>
              </value>
            </param>
          </params>
          <reporter-output>
          </reporter-output>
        </test-method> <!-- LoginFunTest_invalidData2 -->
        <test-method is-config="true" signature="teardown()[pri:0, instance:basicFunctionality.LoginFunctionalityTest_ByDataprovider@17a7f733]" started-at="2018-11-16T08:01:13Z" name="teardown" finished-at="2018-11-16T08:01:18Z" duration-ms="4800" status="PASS">
          <reporter-output>
          </reporter-output>
        </test-method> <!-- teardown -->
      </class> <!-- basicFunctionality.LoginFunctionalityTest_ByDataprovider -->
    </test> <!-- Default test -->
  </suite> <!-- Default suite -->
</testng-results>
