<?xml version="1.0" encoding="UTF-8"?>
<!-- Generated by org.testng.reporters.JUnitXMLReporter -->
<testsuite hostname="LAPTOP-7EK5SHUC" failures="0" tests="4" name="testGuru" time="88.852" errors="0" timestamp="10 Nov 2018 14:26:40 GMT">
  <testcase classname="basicFunctionality.LoginFunctionalityTest" name="LoginFunTest" time="1.927"/>
  <testcase classname="basicFunctionality.LoginFunctionalityTest" name="LoginFunTest_invalidData" time="1.082"/>
  <testcase classname="basicFunctionality.LoginFunctionalityTest" name="LoginFunTest_invalidData1" time="0.885"/>
  <testcase classname="basicFunctionality.LoginFunctionalityTest" name="LoginFunTest_invalidData2" time="0.832"/>
</testsuite> <!-- testGuru -->
